<?xml version="1.0" encoding="UTF-8"?>
<!-- Generated by org.testng.reporters.JUnitReportReporter -->
<testsuite skipped="0" hostname="Ankur" name="org.testng.Read" tests="2" failures="0" timestamp="28 Mar 2019 04:50:00 GMT" time="0.029" errors="0">
  <testcase name="read" time="0.004" classname="org.testng.Read"/>
  <testcase name="read" time="0.025" classname="org.testng.Read"/>
</testsuite> <!-- org.testng.Read -->
