<?xml version="1.0" encoding="UTF-8"?>
<!-- Generated by org.testng.reporters.JUnitReportReporter -->
<testsuite skipped="0" hostname="Ankur" name="org.testng.class1" tests="1" failures="0" timestamp="01 Apr 2019 11:58:00 GMT" time="0.031" errors="0">
  <testcase name="demo1" time="0.031" classname="org.testng.class1"/>
</testsuite> <!-- org.testng.class1 -->
